TeamCode/build/intermediates/manifest_merge_blame_file/debug/processDebugMainManifest/manifest-merger-blame-debug-report.txt
1<?xml version="1.0" encoding="utf-8"?>
2<!--
3 Note: the actual manifest file used in your APK merges this file with contributions
4     from the modules on which your app depends (such as FtcRobotController, etc).
5     So it won't ultimately be as empty as it might here appear to be :-)
6-->
7<!-- The package name here determines the package for your R class and your BuildConfig class -->
8<manifest xmlns:android="http://schemas.android.com/apk/res/android"
9    package="com.qualcomm.ftcrobotcontroller"
10    android:versionCode="58"
11    android:versionName="10.2" >
12
13    <uses-sdk
14        android:minSdkVersion="24"
15        android:targetSdkVersion="28" />
16
17    <uses-permission android:name="android.permission.RECEIVE_BOOT_COMPLETED" />
17-->[:FtcRobotController] AndroidManifest.xml:10:5-81
17-->[:FtcRobotController] AndroidManifest.xml:10:22-78
18    <uses-permission
18-->[org.firstinspires.ftc:Blocks:10.2.0] AndroidManifest.xml:9:5-11:35
19        android:name="android.permission.WRITE_EXTERNAL_STORAGE"
19-->[org.firstinspires.ftc:Blocks:10.2.0] AndroidManifest.xml:10:9-65
20        android:required="true" />
20-->[org.firstinspires.ftc:Blocks:10.2.0] AndroidManifest.xml:11:9-32
21    <uses-permission
21-->[org.firstinspires.ftc:Blocks:10.2.0] AndroidManifest.xml:12:5-14:35
22        android:name="android.permission.READ_EXTERNAL_STORAGE"
22-->[org.firstinspires.ftc:Blocks:10.2.0] AndroidManifest.xml:13:9-64
23        android:required="true" />
23-->[org.firstinspires.ftc:Blocks:10.2.0] AndroidManifest.xml:14:9-32
24    <uses-permission
24-->[org.firstinspires.ftc:FtcCommon:10.2.0] AndroidManifest.xml:10:5-76
25        android:name="android.permission.ACCESS_WIFI_STATE"
25-->[org.firstinspires.ftc:FtcCommon:10.2.0] AndroidManifest.xml:10:22-73
26        android:required="true" />
26-->[org.firstinspires.ftc:RobotCore:10.2.0] AndroidManifest.xml:11:9-32
27    <uses-permission
27-->[org.firstinspires.ftc:FtcCommon:10.2.0] AndroidManifest.xml:17:5-19:35
28        android:name="android.permission.WRITE_SETTINGS"
28-->[org.firstinspires.ftc:FtcCommon:10.2.0] AndroidManifest.xml:18:9-57
29        android:required="true" />
29-->[org.firstinspires.ftc:FtcCommon:10.2.0] AndroidManifest.xml:19:9-32
30    <uses-permission android:name="android.permission.BLUETOOTH_ADMIN" />
30-->[org.firstinspires.ftc:Inspection:10.2.0] AndroidManifest.xml:10:5-74
30-->[org.firstinspires.ftc:Inspection:10.2.0] AndroidManifest.xml:10:22-71
31    <uses-permission
31-->[org.firstinspires.ftc:Inspection:10.2.0] AndroidManifest.xml:11:5-76
32        android:name="android.permission.CHANGE_WIFI_STATE"
32-->[org.firstinspires.ftc:Inspection:10.2.0] AndroidManifest.xml:11:22-73
33        android:required="true" />
33-->[org.firstinspires.ftc:RobotCore:10.2.0] AndroidManifest.xml:14:9-32
34    <uses-permission
34-->[org.firstinspires.ftc:Inspection:10.2.0] AndroidManifest.xml:12:5-79
35        android:name="android.permission.CHANGE_NETWORK_STATE"
35-->[org.firstinspires.ftc:Inspection:10.2.0] AndroidManifest.xml:12:22-76
36        android:required="true" />
36-->[org.firstinspires.ftc:RobotCore:10.2.0] AndroidManifest.xml:20:9-32
37    <uses-permission
37-->[org.firstinspires.ftc:Inspection:10.2.0] AndroidManifest.xml:13:5-67
38        android:name="android.permission.INTERNET"
38-->[org.firstinspires.ftc:Inspection:10.2.0] AndroidManifest.xml:13:22-64
39        android:required="true" />
39-->[org.firstinspires.ftc:RobotCore:10.2.0] AndroidManifest.xml:23:9-32
40    <uses-permission
40-->[org.firstinspires.ftc:Inspection:10.2.0] AndroidManifest.xml:14:5-79
41        android:name="android.permission.ACCESS_NETWORK_STATE"
41-->[org.firstinspires.ftc:Inspection:10.2.0] AndroidManifest.xml:14:22-76
42        android:required="true" />
42-->[org.firstinspires.ftc:RobotCore:10.2.0] AndroidManifest.xml:17:9-32
43    <uses-permission android:name="android.permission.BLUETOOTH" /> <!-- see AppUtil.setTimeZone() -->
43-->[org.firstinspires.ftc:Inspection:10.2.0] AndroidManifest.xml:15:5-68
43-->[org.firstinspires.ftc:Inspection:10.2.0] AndroidManifest.xml:15:22-65
44    <uses-permission
44-->[org.firstinspires.ftc:RobotCore:10.2.0] AndroidManifest.xml:40:5-42:35
45        android:name="android.permission.SET_TIME_ZONE"
45-->[org.firstinspires.ftc:RobotCore:10.2.0] AndroidManifest.xml:41:9-56
46        android:required="true" />
46-->[org.firstinspires.ftc:RobotCore:10.2.0] AndroidManifest.xml:42:9-32
47    <!--
48  Note: we suspect that this (android.permission.WAKE_LOCK) is no
49  longer needed, but haven't yet found the time necessary to verify
50  that assertion before removing it
51    -->
52    <uses-permission
52-->[org.firstinspires.ftc:RobotCore:10.2.0] AndroidManifest.xml:49:5-51:35
53        android:name="android.permission.WAKE_LOCK"
53-->[org.firstinspires.ftc:RobotCore:10.2.0] AndroidManifest.xml:50:9-52
54        android:required="true" />
54-->[org.firstinspires.ftc:RobotCore:10.2.0] AndroidManifest.xml:51:9-32
55    <uses-permission android:name="android.permission.CAMERA" />
55-->[org.firstinspires.ftc:RobotCore:10.2.0] AndroidManifest.xml:52:5-65
55-->[org.firstinspires.ftc:RobotCore:10.2.0] AndroidManifest.xml:52:22-62
56    <uses-permission
56-->[org.firstinspires.ftc:RobotCore:10.2.0] AndroidManifest.xml:53:5-55:35
57        android:name="android.permission.ACCESS_COARSE_LOCATION"
57-->[org.firstinspires.ftc:RobotCore:10.2.0] AndroidManifest.xml:54:9-65
58        android:required="true" />
58-->[org.firstinspires.ftc:RobotCore:10.2.0] AndroidManifest.xml:55:9-32
59    <uses-permission
59-->[org.firstinspires.ftc:RobotCore:10.2.0] AndroidManifest.xml:56:5-58:35
60        android:name="android.permission.ACCESS_FINE_LOCATION"
60-->[org.firstinspires.ftc:RobotCore:10.2.0] AndroidManifest.xml:57:9-63
61        android:required="true" />
61-->[org.firstinspires.ftc:RobotCore:10.2.0] AndroidManifest.xml:58:9-32
62    <uses-permission
62-->[org.firstinspires.ftc:RobotCore:10.2.0] AndroidManifest.xml:59:5-61:35
63        android:name="android.permission.READ_PHONE_STATE"
63-->[org.firstinspires.ftc:RobotCore:10.2.0] AndroidManifest.xml:60:9-59
64        android:required="true" />
64-->[org.firstinspires.ftc:RobotCore:10.2.0] AndroidManifest.xml:61:9-32
65    <uses-permission
65-->[org.firstinspires.ftc:RobotCore:10.2.0] AndroidManifest.xml:64:5-66:35
66        android:name="com.revrobotics.permission.UPDATE_CONTROL_HUB"
66-->[org.firstinspires.ftc:RobotCore:10.2.0] AndroidManifest.xml:65:9-69
67        android:required="true" />
67-->[org.firstinspires.ftc:RobotCore:10.2.0] AndroidManifest.xml:66:9-32
68
69    <uses-feature android:name="android.hardware.usb.accessory" />
69-->[org.firstinspires.ftc:RobotCore:10.2.0] AndroidManifest.xml:68:5-67
69-->[org.firstinspires.ftc:RobotCore:10.2.0] AndroidManifest.xml:68:19-64
70    <uses-feature android:glEsVersion="0x00020000" />
70-->[org.firstinspires.ftc:RobotCore:10.2.0] AndroidManifest.xml:69:5-54
70-->[org.firstinspires.ftc:RobotCore:10.2.0] AndroidManifest.xml:69:19-51
71    <!--
72        NOTE: Any application that requests the CAMERA permission but does not
73        declare any camera features with the <uses-feature> element will be
74        assumed to use all camera features (auto-focus and flash). Thus, the
75        application will not be compatible with devices that do not support
76        all camera features. We use <uses-feature> to declare only the
77        camera features that our application does need. For instance, if you
78        request the CAMERA permission, but you do not need auto-focus or
79        flash, then declare only the android.hardware.camera feature. The
80        other camera features that you do not request will no longer be
81        assumed as required.
82    -->
83    <uses-feature android:name="android.hardware.camera" />
83-->[org.firstinspires.ftc:RobotCore:10.2.0] AndroidManifest.xml:83:5-60
83-->[org.firstinspires.ftc:RobotCore:10.2.0] AndroidManifest.xml:83:19-57
84
85    <permission
85-->[androidx.core:core:1.15.0] AndroidManifest.xml:22:5-24:47
86        android:name="com.qualcomm.ftcrobotcontroller.DYNAMIC_RECEIVER_NOT_EXPORTED_PERMISSION"
86-->[androidx.core:core:1.15.0] AndroidManifest.xml:23:9-81
87        android:protectionLevel="signature" />
87-->[androidx.core:core:1.15.0] AndroidManifest.xml:24:9-44
88
89    <uses-permission android:name="com.qualcomm.ftcrobotcontroller.DYNAMIC_RECEIVER_NOT_EXPORTED_PERMISSION" />
89-->[androidx.core:core:1.15.0] AndroidManifest.xml:26:5-97
89-->[androidx.core:core:1.15.0] AndroidManifest.xml:26:22-94
90
91    <uses-feature
91-->[com.journeyapps:zxing-android-embedded:4.3.0] AndroidManifest.xml:28:5-30:36
92        android:name="android.hardware.camera.front"
92-->[com.journeyapps:zxing-android-embedded:4.3.0] AndroidManifest.xml:29:9-53
93        android:required="false" /> <!-- TODO replace above two with next line after Android 4.2 -->
93-->[com.journeyapps:zxing-android-embedded:4.3.0] AndroidManifest.xml:30:9-33
94    <!-- <uses-feature android:name="android.hardware.camera.any"/> -->
95    <uses-feature
95-->[com.journeyapps:zxing-android-embedded:4.3.0] AndroidManifest.xml:33:5-35:36
96        android:name="android.hardware.camera.autofocus"
96-->[com.journeyapps:zxing-android-embedded:4.3.0] AndroidManifest.xml:34:9-57
97        android:required="false" />
97-->[com.journeyapps:zxing-android-embedded:4.3.0] AndroidManifest.xml:35:9-33
98    <uses-feature
98-->[com.journeyapps:zxing-android-embedded:4.3.0] AndroidManifest.xml:36:5-38:36
99        android:name="android.hardware.camera.flash"
99-->[com.journeyapps:zxing-android-embedded:4.3.0] AndroidManifest.xml:37:9-53
100        android:required="false" />
100-->[com.journeyapps:zxing-android-embedded:4.3.0] AndroidManifest.xml:38:9-33
101    <uses-feature
101-->[com.journeyapps:zxing-android-embedded:4.3.0] AndroidManifest.xml:39:5-41:36
102        android:name="android.hardware.screen.landscape"
102-->[com.journeyapps:zxing-android-embedded:4.3.0] AndroidManifest.xml:40:9-57
103        android:required="false" />
103-->[com.journeyapps:zxing-android-embedded:4.3.0] AndroidManifest.xml:41:9-33
104    <uses-feature
104-->[com.journeyapps:zxing-android-embedded:4.3.0] AndroidManifest.xml:42:5-44:36
105        android:name="android.hardware.wifi"
105-->[com.journeyapps:zxing-android-embedded:4.3.0] AndroidManifest.xml:43:9-45
106        android:required="false" />
106-->[com.journeyapps:zxing-android-embedded:4.3.0] AndroidManifest.xml:44:9-33
107
108    <application
108-->src/main/AndroidManifest.xml:10:5-19
109        android:name="org.firstinspires.ftc.robotcore.internal.system.RobotApplication"
109-->[org.firstinspires.ftc:RobotCore:10.2.0] AndroidManifest.xml:85:18-97
110        android:allowBackup="true"
110-->[:FtcRobotController] AndroidManifest.xml:13:9-35
111        android:appComponentFactory="androidx.core.app.CoreComponentFactory"
111-->[androidx.core:core:1.15.0] AndroidManifest.xml:28:18-86
112        android:debuggable="true"
113        android:extractNativeLibs="true"
114        android:icon="@drawable/ic_launcher"
114-->[:FtcRobotController] AndroidManifest.xml:14:9-45
115        android:label="@string/app_name"
115-->[:FtcRobotController] AndroidManifest.xml:15:9-41
116        android:largeHeap="true"
116-->[:FtcRobotController] AndroidManifest.xml:16:9-33
117        android:testOnly="true"
118        android:theme="@style/AppThemeRedRC"
118-->[:FtcRobotController] AndroidManifest.xml:17:9-45
119        android:usesCleartextTraffic="true" > <!-- Indicates to the ControlHubUpdater what the latest version of the Control Hub is that this app supports -->
119-->[:FtcRobotController] AndroidManifest.xml:18:9-44
120        <meta-data
120-->[:FtcRobotController] AndroidManifest.xml:21:9-23:33
121            android:name="org.firstinspires.latestSupportedControlHubVersion"
121-->[:FtcRobotController] AndroidManifest.xml:22:13-78
122            android:value="1" /> <!-- The main robot controller activity -->
122-->[:FtcRobotController] AndroidManifest.xml:23:13-30
123        <activity
123-->[:FtcRobotController] AndroidManifest.xml:26:9-37:20
124            android:name="org.firstinspires.ftc.robotcontroller.internal.PermissionValidatorWrapper"
124-->[:FtcRobotController] AndroidManifest.xml:27:13-101
125            android:configChanges="orientation|screenSize"
125-->[:FtcRobotController] AndroidManifest.xml:28:13-59
126            android:label="@string/app_name"
126-->[:FtcRobotController] AndroidManifest.xml:29:13-45
127            android:launchMode="singleTask"
127-->[:FtcRobotController] AndroidManifest.xml:30:13-44
128            android:screenOrientation="fullUser" >
128-->[:FtcRobotController] AndroidManifest.xml:31:13-49
129            <intent-filter>
129-->[:FtcRobotController] AndroidManifest.xml:32:13-36:29
130                <category android:name="android.intent.category.LAUNCHER" />
130-->[:FtcRobotController] AndroidManifest.xml:33:17-77
130-->[:FtcRobotController] AndroidManifest.xml:33:27-74
131
132                <action android:name="android.intent.action.MAIN" />
132-->[:FtcRobotController] AndroidManifest.xml:35:17-69
132-->[:FtcRobotController] AndroidManifest.xml:35:25-66
133            </intent-filter>
134        </activity>
135        <activity
135-->[:FtcRobotController] AndroidManifest.xml:38:9-56:20
136            android:name="org.firstinspires.ftc.robotcontroller.internal.FtcRobotControllerActivity"
136-->[:FtcRobotController] AndroidManifest.xml:39:13-101
137            android:configChanges="orientation|screenSize"
137-->[:FtcRobotController] AndroidManifest.xml:40:13-59
138            android:label="@string/app_name"
138-->[:FtcRobotController] AndroidManifest.xml:41:13-45
139            android:launchMode="singleTask"
139-->[:FtcRobotController] AndroidManifest.xml:42:13-44
140            android:screenOrientation="fullUser" >
140-->[:FtcRobotController] AndroidManifest.xml:43:13-49
141            <intent-filter>
141-->[:FtcRobotController] AndroidManifest.xml:44:13-46:29
142                <action android:name="android.hardware.usb.action.USB_DEVICE_ATTACHED" />
142-->[:FtcRobotController] AndroidManifest.xml:45:17-90
142-->[:FtcRobotController] AndroidManifest.xml:45:25-87
143            </intent-filter>
144
145            <meta-data
145-->[:FtcRobotController] AndroidManifest.xml:48:13-50:57
146                android:name="android.hardware.usb.action.USB_DEVICE_ATTACHED"
146-->[:FtcRobotController] AndroidManifest.xml:49:17-79
147                android:resource="@xml/device_filter" />
147-->[:FtcRobotController] AndroidManifest.xml:50:17-54
148
149            <!-- org.firstinspires.main.entry indicates that this app is compatible with the Dragonboard Control Hub -->
150            <meta-data
150-->[:FtcRobotController] AndroidManifest.xml:53:13-55:40
151                android:name="org.firstinspires.main.entry"
151-->[:FtcRobotController] AndroidManifest.xml:54:17-60
152                android:value="true" />
152-->[:FtcRobotController] AndroidManifest.xml:55:17-37
153        </activity> <!-- The robot controller service in which most of the robot functionality is managed -->
154        <service
154-->[:FtcRobotController] AndroidManifest.xml:59:9-61:38
155            android:name="com.qualcomm.ftccommon.FtcRobotControllerService"
155-->[:FtcRobotController] AndroidManifest.xml:60:13-76
156            android:enabled="true" /> <!-- Assistant that autostarts the robot controller on android boot (if it's supposed to) -->
156-->[:FtcRobotController] AndroidManifest.xml:61:13-35
157        <receiver
157-->[:FtcRobotController] AndroidManifest.xml:64:9-75:20
158            android:name="org.firstinspires.ftc.ftccommon.internal.RunOnBoot"
158-->[:FtcRobotController] AndroidManifest.xml:65:13-78
159            android:enabled="true"
159-->[:FtcRobotController] AndroidManifest.xml:66:13-35
160            android:exported="true"
160-->[:FtcRobotController] AndroidManifest.xml:67:13-36
161            android:permission="android.permission.RECEIVE_BOOT_COMPLETED" >
161-->[:FtcRobotController] AndroidManifest.xml:68:13-75
162            <intent-filter>
162-->[:FtcRobotController] AndroidManifest.xml:69:13-74:29
163                <category android:name="android.intent.category.DEFAULT" />
163-->[:FtcRobotController] AndroidManifest.xml:70:17-76
163-->[:FtcRobotController] AndroidManifest.xml:70:27-73
164
165                <action android:name="android.intent.action.BOOT_COMPLETED" />
165-->[:FtcRobotController] AndroidManifest.xml:72:17-79
165-->[:FtcRobotController] AndroidManifest.xml:72:25-76
166                <action android:name="android.intent.action.QUICKBOOT_POWERON" />
166-->[:FtcRobotController] AndroidManifest.xml:73:17-82
166-->[:FtcRobotController] AndroidManifest.xml:73:25-79
167            </intent-filter>
168        </receiver>
169
170        <activity
170-->[org.firstinspires.ftc:Blocks:10.2.0] AndroidManifest.xml:17:9-21:20
171            android:name="org.firstinspires.ftc.ftccommon.internal.ProgramAndManageActivity"
171-->[org.firstinspires.ftc:Blocks:10.2.0] AndroidManifest.xml:18:13-93
172            android:configChanges="orientation|screenSize"
172-->[org.firstinspires.ftc:Blocks:10.2.0] AndroidManifest.xml:19:13-59
173            android:label="@string/program_and_manage_activity" >
173-->[org.firstinspires.ftc:Blocks:10.2.0] AndroidManifest.xml:20:13-64
174        </activity>
175        <activity
175-->[org.firstinspires.ftc:FtcCommon:10.2.0] AndroidManifest.xml:24:9-28:47
176            android:name="com.qualcomm.ftccommon.StackTraceActivity"
176-->[org.firstinspires.ftc:FtcCommon:10.2.0] AndroidManifest.xml:25:13-69
177            android:configChanges="orientation|screenSize"
177-->[org.firstinspires.ftc:FtcCommon:10.2.0] AndroidManifest.xml:26:13-59
178            android:exported="true"
178-->[org.firstinspires.ftc:FtcCommon:10.2.0] AndroidManifest.xml:27:13-36
179            android:launchMode="singleTask" />
179-->[org.firstinspires.ftc:FtcCommon:10.2.0] AndroidManifest.xml:28:13-44
180        <activity
180-->[org.firstinspires.ftc:FtcCommon:10.2.0] AndroidManifest.xml:29:9-33:20
181            android:name="com.qualcomm.ftccommon.FtcRobotControllerSettingsActivity"
181-->[org.firstinspires.ftc:FtcCommon:10.2.0] AndroidManifest.xml:30:13-85
182            android:exported="true"
182-->[org.firstinspires.ftc:FtcCommon:10.2.0] AndroidManifest.xml:31:13-36
183            android:label="@string/settings_activity" >
183-->[org.firstinspires.ftc:FtcCommon:10.2.0] AndroidManifest.xml:32:13-54
184        </activity>
185        <activity
185-->[org.firstinspires.ftc:FtcCommon:10.2.0] AndroidManifest.xml:34:9-39:20
186            android:name="com.qualcomm.ftccommon.configuration.FtcLoadFileActivity"
186-->[org.firstinspires.ftc:FtcCommon:10.2.0] AndroidManifest.xml:35:13-84
187            android:configChanges="orientation|screenSize"
187-->[org.firstinspires.ftc:FtcCommon:10.2.0] AndroidManifest.xml:36:13-59
188            android:exported="true"
188-->[org.firstinspires.ftc:FtcCommon:10.2.0] AndroidManifest.xml:37:13-36
189            android:label="@string/configure_activity" >
189-->[org.firstinspires.ftc:FtcCommon:10.2.0] AndroidManifest.xml:38:13-55
190        </activity>
191        <activity
191-->[org.firstinspires.ftc:FtcCommon:10.2.0] AndroidManifest.xml:40:9-45:20
192            android:name="com.qualcomm.ftccommon.configuration.ConfigureFromTemplateActivity"
192-->[org.firstinspires.ftc:FtcCommon:10.2.0] AndroidManifest.xml:41:13-94
193            android:configChanges="orientation|screenSize"
193-->[org.firstinspires.ftc:FtcCommon:10.2.0] AndroidManifest.xml:42:13-59
194            android:exported="true"
194-->[org.firstinspires.ftc:FtcCommon:10.2.0] AndroidManifest.xml:43:13-36
195            android:label="@string/title_activity_configfromtemplate" >
195-->[org.firstinspires.ftc:FtcCommon:10.2.0] AndroidManifest.xml:44:13-70
196        </activity>
197        <activity
197-->[org.firstinspires.ftc:FtcCommon:10.2.0] AndroidManifest.xml:46:9-51:20
198            android:name="com.qualcomm.ftccommon.ViewLogsActivity"
198-->[org.firstinspires.ftc:FtcCommon:10.2.0] AndroidManifest.xml:47:13-67
199            android:configChanges="orientation|screenSize"
199-->[org.firstinspires.ftc:FtcCommon:10.2.0] AndroidManifest.xml:48:13-59
200            android:exported="true"
200-->[org.firstinspires.ftc:FtcCommon:10.2.0] AndroidManifest.xml:49:13-36
201            android:label="@string/view_logs_activity" >
201-->[org.firstinspires.ftc:FtcCommon:10.2.0] AndroidManifest.xml:50:13-55
202        </activity>
203        <activity
203-->[org.firstinspires.ftc:FtcCommon:10.2.0] AndroidManifest.xml:52:9-56:20
204            android:name="com.qualcomm.ftccommon.configuration.FtcConfigurationActivity"
204-->[org.firstinspires.ftc:FtcCommon:10.2.0] AndroidManifest.xml:53:13-89
205            android:configChanges="orientation|screenSize"
205-->[org.firstinspires.ftc:FtcCommon:10.2.0] AndroidManifest.xml:54:13-59
206            android:label="@string/app_name" >
206-->[org.firstinspires.ftc:FtcCommon:10.2.0] AndroidManifest.xml:55:13-45
207        </activity>
208        <activity
208-->[org.firstinspires.ftc:FtcCommon:10.2.0] AndroidManifest.xml:57:9-61:20
209            android:name="com.qualcomm.ftccommon.configuration.FtcNewFileActivity"
209-->[org.firstinspires.ftc:FtcCommon:10.2.0] AndroidManifest.xml:58:13-83
210            android:configChanges="orientation|screenSize"
210-->[org.firstinspires.ftc:FtcCommon:10.2.0] AndroidManifest.xml:59:13-59
211            android:label="@string/app_name" >
211-->[org.firstinspires.ftc:FtcCommon:10.2.0] AndroidManifest.xml:60:13-45
212        </activity>
213        <activity
213-->[org.firstinspires.ftc:FtcCommon:10.2.0] AndroidManifest.xml:62:9-66:20
214            android:name="com.qualcomm.ftccommon.FtcAdvancedRCSettingsActivity"
214-->[org.firstinspires.ftc:FtcCommon:10.2.0] AndroidManifest.xml:63:13-80
215            android:exported="true"
215-->[org.firstinspires.ftc:FtcCommon:10.2.0] AndroidManifest.xml:64:13-36
216            android:label="@string/titleAdvancedRCSettings" >
216-->[org.firstinspires.ftc:FtcCommon:10.2.0] AndroidManifest.xml:65:13-60
217        </activity>
218        <activity
218-->[org.firstinspires.ftc:FtcCommon:10.2.0] AndroidManifest.xml:67:9-70:20
219            android:name="com.qualcomm.ftccommon.FtcLynxFirmwareUpdateActivity"
219-->[org.firstinspires.ftc:FtcCommon:10.2.0] AndroidManifest.xml:68:13-80
220            android:exported="true" >
220-->[org.firstinspires.ftc:FtcCommon:10.2.0] AndroidManifest.xml:69:13-36
221        </activity>
222        <activity
222-->[org.firstinspires.ftc:FtcCommon:10.2.0] AndroidManifest.xml:71:9-74:20
223            android:name="com.qualcomm.ftccommon.FtcLynxModuleAddressUpdateActivity"
223-->[org.firstinspires.ftc:FtcCommon:10.2.0] AndroidManifest.xml:72:13-85
224            android:exported="true" >
224-->[org.firstinspires.ftc:FtcCommon:10.2.0] AndroidManifest.xml:73:13-36
225        </activity>
226        <activity
226-->[org.firstinspires.ftc:FtcCommon:10.2.0] AndroidManifest.xml:75:9-79:20
227            android:name="com.qualcomm.ftccommon.FtcWifiDirectChannelSelectorActivity"
227-->[org.firstinspires.ftc:FtcCommon:10.2.0] AndroidManifest.xml:76:13-87
228            android:exported="true"
228-->[org.firstinspires.ftc:FtcCommon:10.2.0] AndroidManifest.xml:77:13-36
229            android:label="@string/title_activity_wifi_channel_selector" >
229-->[org.firstinspires.ftc:FtcCommon:10.2.0] AndroidManifest.xml:78:13-73
230        </activity>
231        <activity
231-->[org.firstinspires.ftc:FtcCommon:10.2.0] AndroidManifest.xml:80:9-84:20
232            android:name="com.qualcomm.ftccommon.FtcWifiDirectRememberedGroupsActivity"
232-->[org.firstinspires.ftc:FtcCommon:10.2.0] AndroidManifest.xml:81:13-88
233            android:exported="true"
233-->[org.firstinspires.ftc:FtcCommon:10.2.0] AndroidManifest.xml:82:13-36
234            android:label="@string/title_activity_wifi_remembered_groups_editor" >
234-->[org.firstinspires.ftc:FtcCommon:10.2.0] AndroidManifest.xml:83:13-81
235        </activity>
236        <activity
236-->[org.firstinspires.ftc:FtcCommon:10.2.0] AndroidManifest.xml:85:9-88:20
237            android:name="com.qualcomm.ftccommon.AboutActivity"
237-->[org.firstinspires.ftc:FtcCommon:10.2.0] AndroidManifest.xml:86:13-64
238            android:label="@string/about_activity" >
238-->[org.firstinspires.ftc:FtcCommon:10.2.0] AndroidManifest.xml:87:13-51
239        </activity>
240        <activity
240-->[org.firstinspires.ftc:FtcCommon:10.2.0] AndroidManifest.xml:89:9-92:20
241            android:name="com.qualcomm.ftccommon.FtcAboutActivity"
241-->[org.firstinspires.ftc:FtcCommon:10.2.0] AndroidManifest.xml:90:13-67
242            android:label="@string/ftc_about_activity" >
242-->[org.firstinspires.ftc:FtcCommon:10.2.0] AndroidManifest.xml:91:13-55
243        </activity>
244        <activity
244-->[org.firstinspires.ftc:FtcCommon:10.2.0] AndroidManifest.xml:93:9-98:20
245            android:name="com.qualcomm.ftccommon.configuration.EditSwapUsbDevices"
245-->[org.firstinspires.ftc:FtcCommon:10.2.0] AndroidManifest.xml:94:13-83
246            android:configChanges="orientation|screenSize"
246-->[org.firstinspires.ftc:FtcCommon:10.2.0] AndroidManifest.xml:95:13-59
247            android:label="@string/edit_swap_devices_activity"
247-->[org.firstinspires.ftc:FtcCommon:10.2.0] AndroidManifest.xml:96:13-63
248            android:windowSoftInputMode="stateHidden" >
248-->[org.firstinspires.ftc:FtcCommon:10.2.0] AndroidManifest.xml:97:13-54
249        </activity>
250        <activity
250-->[org.firstinspires.ftc:FtcCommon:10.2.0] AndroidManifest.xml:99:9-104:20
251            android:name="com.qualcomm.ftccommon.configuration.EditMotorListActivity"
251-->[org.firstinspires.ftc:FtcCommon:10.2.0] AndroidManifest.xml:100:13-86
252            android:configChanges="orientation|screenSize"
252-->[org.firstinspires.ftc:FtcCommon:10.2.0] AndroidManifest.xml:101:13-59
253            android:label="@string/edit_motor_controller_activity"
253-->[org.firstinspires.ftc:FtcCommon:10.2.0] AndroidManifest.xml:102:13-67
254            android:windowSoftInputMode="stateHidden" >
254-->[org.firstinspires.ftc:FtcCommon:10.2.0] AndroidManifest.xml:103:13-54
255        </activity>
256        <activity
256-->[org.firstinspires.ftc:FtcCommon:10.2.0] AndroidManifest.xml:105:9-110:20
257            android:name="com.qualcomm.ftccommon.configuration.EditServoListActivity"
257-->[org.firstinspires.ftc:FtcCommon:10.2.0] AndroidManifest.xml:106:13-86
258            android:configChanges="orientation|screenSize"
258-->[org.firstinspires.ftc:FtcCommon:10.2.0] AndroidManifest.xml:107:13-59
259            android:label="@string/edit_servo_controller_activity"
259-->[org.firstinspires.ftc:FtcCommon:10.2.0] AndroidManifest.xml:108:13-67
260            android:windowSoftInputMode="stateHidden|adjustResize" >
260-->[org.firstinspires.ftc:FtcCommon:10.2.0] AndroidManifest.xml:109:13-67
261        </activity>
262        <activity
262-->[org.firstinspires.ftc:FtcCommon:10.2.0] AndroidManifest.xml:111:9-116:20
263            android:name="com.qualcomm.ftccommon.configuration.EditLynxModuleActivity"
263-->[org.firstinspires.ftc:FtcCommon:10.2.0] AndroidManifest.xml:112:13-87
264            android:configChanges="orientation|screenSize"
264-->[org.firstinspires.ftc:FtcCommon:10.2.0] AndroidManifest.xml:113:13-59
265            android:label="@string/edit_lynx_module_controller_activity"
265-->[org.firstinspires.ftc:FtcCommon:10.2.0] AndroidManifest.xml:114:13-73
266            android:windowSoftInputMode="stateHidden|adjustResize" >
266-->[org.firstinspires.ftc:FtcCommon:10.2.0] AndroidManifest.xml:115:13-67
267        </activity>
268        <activity
268-->[org.firstinspires.ftc:FtcCommon:10.2.0] AndroidManifest.xml:117:9-122:20
269            android:name="com.qualcomm.ftccommon.configuration.EditLynxUsbDeviceActivity"
269-->[org.firstinspires.ftc:FtcCommon:10.2.0] AndroidManifest.xml:118:13-90
270            android:configChanges="orientation|screenSize"
270-->[org.firstinspires.ftc:FtcCommon:10.2.0] AndroidManifest.xml:119:13-59
271            android:label="@string/edit_lynx_usb_device_activity"
271-->[org.firstinspires.ftc:FtcCommon:10.2.0] AndroidManifest.xml:120:13-66
272            android:windowSoftInputMode="stateHidden|adjustResize" >
272-->[org.firstinspires.ftc:FtcCommon:10.2.0] AndroidManifest.xml:121:13-67
273        </activity>
274        <activity
274-->[org.firstinspires.ftc:FtcCommon:10.2.0] AndroidManifest.xml:123:9-128:20
275            android:name="com.qualcomm.ftccommon.configuration.EditWebcamActivity"
275-->[org.firstinspires.ftc:FtcCommon:10.2.0] AndroidManifest.xml:124:13-83
276            android:configChanges="orientation|screenSize"
276-->[org.firstinspires.ftc:FtcCommon:10.2.0] AndroidManifest.xml:125:13-59
277            android:label="@string/edit_webcam_activity"
277-->[org.firstinspires.ftc:FtcCommon:10.2.0] AndroidManifest.xml:126:13-57
278            android:windowSoftInputMode="stateHidden|adjustResize" >
278-->[org.firstinspires.ftc:FtcCommon:10.2.0] AndroidManifest.xml:127:13-67
279        </activity>
280        <activity
280-->[org.firstinspires.ftc:FtcCommon:10.2.0] AndroidManifest.xml:129:9-134:20
281            android:name="com.qualcomm.ftccommon.configuration.EditPWMDevicesActivity"
281-->[org.firstinspires.ftc:FtcCommon:10.2.0] AndroidManifest.xml:130:13-87
282            android:configChanges="orientation|screenSize"
282-->[org.firstinspires.ftc:FtcCommon:10.2.0] AndroidManifest.xml:131:13-59
283            android:label="@string/edit_pwm_devices_activity"
283-->[org.firstinspires.ftc:FtcCommon:10.2.0] AndroidManifest.xml:132:13-62
284            android:windowSoftInputMode="stateHidden|adjustResize" >